  [1m[35m (8.4ms)[0m  [1m[35mCREATE TABLE "schema_migrations" ("version" varchar NOT NULL PRIMARY KEY)[0m
  [1m[35m (6.2ms)[0m  [1m[35mCREATE TABLE "ar_internal_metadata" ("key" varchar NOT NULL PRIMARY KEY, "value" varchar, "created_at" datetime(6) NOT NULL, "updated_at" datetime(6) NOT NULL)[0m
  [1m[36mActiveRecord::SchemaMigration Pluck (0.2ms)[0m  [1m[34mSELECT "schema_migrations"."version" FROM "schema_migrations" ORDER BY "schema_migrations"."version" ASC[0m
Migrating to CreateUsers (20221027070824)
  [1m[36mTRANSACTION (0.1ms)[0m  [1m[36mbegin transaction[0m
  [1m[35m (0.6ms)[0m  [1m[35mCREATE TABLE "users" ("id" integer PRIMARY KEY AUTOINCREMENT NOT NULL, "login" varchar, "name" varchar, "password_digest" varchar, "created_at" datetime(6) NOT NULL, "updated_at" datetime(6) NOT NULL)[0m
  [1m[36mActiveRecord::SchemaMigration Create (0.4ms)[0m  [1m[32mINSERT INTO "schema_migrations" ("version") VALUES (?)[0m  [["version", "20221027070824"]]
  [1m[36mTRANSACTION (4.1ms)[0m  [1m[36mcommit transaction[0m
Migrating to CreateItems (20221027071754)
  [1m[36mTRANSACTION (0.1ms)[0m  [1m[36mbegin transaction[0m
  [1m[35m (0.6ms)[0m  [1m[35mCREATE TABLE "items" ("id" integer PRIMARY KEY AUTOINCREMENT NOT NULL, "user_id" integer NOT NULL, "price" float, "name" varchar, "stock" integer, "created_at" datetime(6) NOT NULL, "updated_at" datetime(6) NOT NULL, CONSTRAINT "fk_rails_d4b6334db2"
FOREIGN KEY ("user_id")
  REFERENCES "users" ("id")
)[0m
  [1m[35m (0.2ms)[0m  [1m[35mCREATE INDEX "index_items_on_user_id" ON "items" ("user_id")[0m
  [1m[36mActiveRecord::SchemaMigration Create (0.4ms)[0m  [1m[32mINSERT INTO "schema_migrations" ("version") VALUES (?)[0m  [["version", "20221027071754"]]
  [1m[36mTRANSACTION (8.6ms)[0m  [1m[36mcommit transaction[0m
Migrating to CreateInventories (20221027072143)
  [1m[36mTRANSACTION (0.3ms)[0m  [1m[36mbegin transaction[0m
  [1m[35m (0.5ms)[0m  [1m[35mCREATE TABLE "inventories" ("id" integer PRIMARY KEY AUTOINCREMENT NOT NULL, "user_id" integer NOT NULL, "item_id" integer NOT NULL, "price" float, "timestamp" datetime(6), "created_at" datetime(6) NOT NULL, "updated_at" datetime(6) NOT NULL, CONSTRAINT "fk_rails_6642cbdd87"
FOREIGN KEY ("user_id")
  REFERENCES "users" ("id")
, CONSTRAINT "fk_rails_fcf6633a1e"
FOREIGN KEY ("item_id")
  REFERENCES "items" ("id")
)[0m
  [1m[35m (0.1ms)[0m  [1m[35mCREATE INDEX "index_inventories_on_user_id" ON "inventories" ("user_id")[0m
  [1m[35m (0.2ms)[0m  [1m[35mCREATE INDEX "index_inventories_on_item_id" ON "inventories" ("item_id")[0m
  [1m[36mActiveRecord::SchemaMigration Create (0.4ms)[0m  [1m[32mINSERT INTO "schema_migrations" ("version") VALUES (?)[0m  [["version", "20221027072143"]]
  [1m[36mTRANSACTION (6.5ms)[0m  [1m[36mcommit transaction[0m
  [1m[36mActiveRecord::InternalMetadata Load (0.5ms)[0m  [1m[34mSELECT "ar_internal_metadata".* FROM "ar_internal_metadata" WHERE "ar_internal_metadata"."key" = ? LIMIT ?[0m  [["key", "environment"], ["LIMIT", 1]]
  [1m[36mTRANSACTION (0.1ms)[0m  [1m[36mbegin transaction[0m
  [1m[36mActiveRecord::InternalMetadata Create (1.0ms)[0m  [1m[32mINSERT INTO "ar_internal_metadata" ("key", "value", "created_at", "updated_at") VALUES (?, ?, ?, ?)[0m  [["key", "environment"], ["value", "development"], ["created_at", "2022-10-27 07:21:54.858559"], ["updated_at", "2022-10-27 07:21:54.858559"]]
  [1m[36mTRANSACTION (4.8ms)[0m  [1m[36mcommit transaction[0m
  [1m[36mActiveRecord::SchemaMigration Pluck (0.2ms)[0m  [1m[34mSELECT "schema_migrations"."version" FROM "schema_migrations" ORDER BY "schema_migrations"."version" ASC[0m
  [1m[36mTRANSACTION (0.1ms)[0m  [1m[36mbegin transaction[0m
  [1m[36mUser Create (0.8ms)[0m  [1m[32mINSERT INTO "users" ("id", "login", "name", "password_digest", "created_at", "updated_at") VALUES (?, ?, ?, ?, ?, ?)[0m  [["id", 1], ["login", "root"], ["name", "JoJo"], ["password_digest", "[FILTERED]"], ["created_at", "2022-10-27 07:34:50.404964"], ["updated_at", "2022-10-27 07:34:50.404964"]]
  [1m[36mTRANSACTION (12.3ms)[0m  [1m[36mcommit transaction[0m
  [1m[36mUser Load (0.5ms)[0m  [1m[34mSELECT "users".* FROM "users" ORDER BY "users"."id" ASC LIMIT ?[0m  [["LIMIT", 1]]
Started GET "/" for 127.0.0.1 at 2022-10-27 14:35:29 +0700
  [1m[36mActiveRecord::SchemaMigration Pluck (0.3ms)[0m  [1m[34mSELECT "schema_migrations"."version" FROM "schema_migrations" ORDER BY "schema_migrations"."version" ASC[0m
Processing by Rails::WelcomeController#index as HTML
  Rendering /usr/share/rvm/gems/ruby-3.1.2/gems/railties-7.0.4/lib/rails/templates/rails/welcome/index.html.erb
  Rendered /usr/share/rvm/gems/ruby-3.1.2/gems/railties-7.0.4/lib/rails/templates/rails/welcome/index.html.erb (Duration: 6.5ms | Allocations: 634)
Completed 200 OK in 293ms (Views: 177.6ms | ActiveRecord: 0.0ms | Allocations: 5161)


Started GET "/main/login" for 127.0.0.1 at 2022-10-27 14:35:35 +0700
Processing by MainController#login as HTML
  Rendering layout layouts/application.html.erb
  Rendering main/login.html.haml within layouts/application
  Rendered main/login.html.haml within layouts/application (Duration: 105.2ms | Allocations: 13866)
  Rendered layout layouts/application.html.erb (Duration: 1107.6ms | Allocations: 100243)
Completed 200 OK in 1118ms (Views: 1116.6ms | ActiveRecord: 0.0ms | Allocations: 101296)


Started POST "/main/create" for 127.0.0.1 at 2022-10-27 14:35:45 +0700
Processing by MainController#create as HTML
  Parameters: {"authenticity_token"=>"[FILTERED]", "login"=>"root", "password"=>"[FILTERED]", "commit"=>"OK"}
  [1m[36mUser Load (0.3ms)[0m  [1m[34mSELECT "users".* FROM "users" WHERE "users"."login" = ? ORDER BY "users"."id" ASC LIMIT ?[0m  [["login", "root"], ["LIMIT", 1]]
  ↳ app/controllers/main_controller.rb:6:in `create'
Redirected to http://127.0.0.1:3000/main/login
Completed 302 Found in 892ms (ActiveRecord: 6.5ms | Allocations: 8712)


Started GET "/main/login" for 127.0.0.1 at 2022-10-27 14:35:46 +0700
Processing by MainController#login as HTML
  Rendering layout layouts/application.html.erb
  Rendering main/login.html.haml within layouts/application
  Rendered main/login.html.haml within layouts/application (Duration: 11.3ms | Allocations: 2526)
  Rendered layout layouts/application.html.erb (Duration: 25.5ms | Allocations: 4825)
Completed 200 OK in 29ms (Views: 28.6ms | ActiveRecord: 0.0ms | Allocations: 5132)


Started POST "/main/create" for 127.0.0.1 at 2022-10-27 14:36:15 +0700
Processing by MainController#create as HTML
  Parameters: {"authenticity_token"=>"[FILTERED]", "login"=>"root", "password"=>"[FILTERED]", "commit"=>"OK"}
  [1m[36mUser Load (0.2ms)[0m  [1m[34mSELECT "users".* FROM "users" WHERE "users"."login" = ? ORDER BY "users"."id" ASC LIMIT ?[0m  [["login", "root"], ["LIMIT", 1]]
  ↳ app/controllers/main_controller.rb:6:in `create'
Redirected to http://127.0.0.1:3000/
Completed 302 Found in 645ms (ActiveRecord: 0.2ms | Allocations: 1143)


Started GET "/" for 127.0.0.1 at 2022-10-27 14:36:16 +0700
Processing by Rails::WelcomeController#index as HTML
  Rendering /usr/share/rvm/gems/ruby-3.1.2/gems/railties-7.0.4/lib/rails/templates/rails/welcome/index.html.erb
  Rendered /usr/share/rvm/gems/ruby-3.1.2/gems/railties-7.0.4/lib/rails/templates/rails/welcome/index.html.erb (Duration: 3.5ms | Allocations: 301)
Completed 200 OK in 15ms (Views: 14.0ms | ActiveRecord: 0.0ms | Allocations: 922)


Started GET "/items" for 127.0.0.1 at 2022-10-27 14:45:11 +0700
Processing by ItemsController#index as HTML
  Rendering layout layouts/application.html.erb
  Rendering items/index.html.haml within layouts/application
  [1m[36mItem Load (4.9ms)[0m  [1m[34mSELECT "items".* FROM "items"[0m
  ↳ app/views/items/index.html.haml:15
  Rendered items/index.html.haml within layouts/application (Duration: 44.6ms | Allocations: 8012)
  Rendered layout layouts/application.html.erb (Duration: 57.4ms | Allocations: 10533)
Completed 200 OK in 102ms (Views: 66.4ms | ActiveRecord: 5.5ms | Allocations: 12813)


Started GET "/items/new" for 127.0.0.1 at 2022-10-27 14:45:23 +0700
Processing by ItemsController#new as HTML
  Rendering layout layouts/application.html.erb
  Rendering items/new.html.haml within layouts/application
  Rendered items/_form.html.haml (Duration: 38.5ms | Allocations: 12078)
  Rendered items/new.html.haml within layouts/application (Duration: 51.1ms | Allocations: 14611)
  Rendered layout layouts/application.html.erb (Duration: 58.3ms | Allocations: 16921)
Completed 200 OK in 71ms (Views: 59.6ms | ActiveRecord: 0.6ms | Allocations: 20695)


Started POST "/items" for 127.0.0.1 at 2022-10-27 14:45:44 +0700
Processing by ItemsController#create as TURBO_STREAM
  Parameters: {"authenticity_token"=>"[FILTERED]", "item"=>{"user"=>"1", "price"=>"100", "name"=>"pen", "stock"=>"1"}, "commit"=>"Save"}
[31mUnpermitted parameter: :user. Context: { controller: ItemsController, action: create, request: #<ActionDispatch::Request:0x00007f59198beb50>, params: {"authenticity_token"=>"[FILTERED]", "item"=>{"user"=>"1", "price"=>"100", "name"=>"pen", "stock"=>"1"}, "commit"=>"Save", "controller"=>"items", "action"=>"create"} }[0m
  Rendering layout layouts/application.html.erb
  Rendering items/new.html.haml within layouts/application
  Rendered items/_form.html.haml (Duration: 6.4ms | Allocations: 2320)
  Rendered items/new.html.haml within layouts/application (Duration: 7.5ms | Allocations: 2412)
  Rendered layout layouts/application.html.erb (Duration: 13.7ms | Allocations: 4599)
Completed 422 Unprocessable Entity in 21ms (Views: 15.6ms | ActiveRecord: 0.0ms | Allocations: 6188)


Started POST "/items" for 127.0.0.1 at 2022-10-27 14:45:50 +0700
Processing by ItemsController#create as TURBO_STREAM
  Parameters: {"authenticity_token"=>"[FILTERED]", "item"=>{"user"=>"1", "price"=>"100", "name"=>"pen", "stock"=>"1"}, "commit"=>"Save"}
[31mUnpermitted parameter: :user. Context: { controller: ItemsController, action: create, request: #<ActionDispatch::Request:0x00007f59198704c8>, params: {"authenticity_token"=>"[FILTERED]", "item"=>{"user"=>"1", "price"=>"100", "name"=>"pen", "stock"=>"1"}, "commit"=>"Save", "controller"=>"items", "action"=>"create"} }[0m
  Rendering layout layouts/application.html.erb
  Rendering items/new.html.haml within layouts/application
  Rendered items/_form.html.haml (Duration: 12.0ms | Allocations: 2134)
  Rendered items/new.html.haml within layouts/application (Duration: 12.7ms | Allocations: 2222)
  Rendered layout layouts/application.html.erb (Duration: 16.7ms | Allocations: 4409)
Completed 422 Unprocessable Entity in 28ms (Views: 17.9ms | ActiveRecord: 0.0ms | Allocations: 5584)


Started GET "/users" for 127.0.0.1 at 2022-10-27 14:46:03 +0700
Processing by UsersController#index as HTML
  Rendering layout layouts/application.html.erb
  Rendering users/index.html.haml within layouts/application
  [1m[36mUser Load (0.3ms)[0m  [1m[34mSELECT "users".* FROM "users"[0m
  ↳ app/views/users/index.html.haml:14
  Rendered users/index.html.haml within layouts/application (Duration: 68.4ms | Allocations: 7442)
  Rendered layout layouts/application.html.erb (Duration: 81.4ms | Allocations: 10091)
Completed 200 OK in 92ms (Views: 88.5ms | ActiveRecord: 0.3ms | Allocations: 10958)


Started GET "/users/1" for 127.0.0.1 at 2022-10-27 14:46:08 +0700
Processing by UsersController#show as HTML
  Parameters: {"id"=>"1"}
  [1m[36mUser Load (0.2ms)[0m  [1m[34mSELECT "users".* FROM "users" WHERE "users"."id" = ? LIMIT ?[0m  [["id", 1], ["LIMIT", 1]]
  ↳ app/controllers/users_controller.rb:63:in `set_user'
  Rendering layout layouts/application.html.erb
  Rendering users/show.html.haml within layouts/application
  Rendered users/show.html.haml within layouts/application (Duration: 22.4ms | Allocations: 4688)
  Rendered layout layouts/application.html.erb (Duration: 37.1ms | Allocations: 6870)
Completed 200 OK in 49ms (Views: 42.0ms | ActiveRecord: 0.2ms | Allocations: 8429)


Started GET "/users" for 127.0.0.1 at 2022-10-27 14:46:10 +0700
Processing by UsersController#index as HTML
  Rendering layout layouts/application.html.erb
  Rendering users/index.html.haml within layouts/application
  [1m[36mUser Load (0.2ms)[0m  [1m[34mSELECT "users".* FROM "users"[0m
  ↳ app/views/users/index.html.haml:14
  Rendered users/index.html.haml within layouts/application (Duration: 7.0ms | Allocations: 734)
  Rendered layout layouts/application.html.erb (Duration: 19.3ms | Allocations: 3101)
Completed 200 OK in 28ms (Views: 26.3ms | ActiveRecord: 0.2ms | Allocations: 3376)


Started GET "/users/new" for 127.0.0.1 at 2022-10-27 14:46:14 +0700
Processing by UsersController#new as HTML
  Rendering layout layouts/application.html.erb
  Rendering users/new.html.haml within layouts/application
  Rendered users/_form.html.haml (Duration: 13.4ms | Allocations: 8176)
  Rendered users/new.html.haml within layouts/application (Duration: 19.7ms | Allocations: 10665)
  Rendered layout layouts/application.html.erb (Duration: 24.2ms | Allocations: 12860)
Completed 200 OK in 27ms (Views: 25.3ms | ActiveRecord: 0.0ms | Allocations: 13201)


Started GET "/users" for 127.0.0.1 at 2022-10-27 14:46:16 +0700
Processing by UsersController#index as HTML
  Rendering layout layouts/application.html.erb
  Rendering users/index.html.haml within layouts/application
  [1m[36mUser Load (0.1ms)[0m  [1m[34mSELECT "users".* FROM "users"[0m
  ↳ app/views/users/index.html.haml:14
  Rendered users/index.html.haml within layouts/application (Duration: 5.1ms | Allocations: 733)
  Rendered layout layouts/application.html.erb (Duration: 15.6ms | Allocations: 3094)
Completed 200 OK in 18ms (Views: 17.2ms | ActiveRecord: 0.1ms | Allocations: 3364)


Started GET "/users/new" for 127.0.0.1 at 2022-10-27 14:46:26 +0700
Processing by UsersController#new as HTML
  Rendering layout layouts/application.html.erb
  Rendering users/new.html.haml within layouts/application
  Rendered users/_form.html.haml (Duration: 11.5ms | Allocations: 1097)
  Rendered users/new.html.haml within layouts/application (Duration: 14.6ms | Allocations: 1185)
  Rendered layout layouts/application.html.erb (Duration: 25.6ms | Allocations: 3385)
Completed 200 OK in 35ms (Views: 33.5ms | ActiveRecord: 0.0ms | Allocations: 3658)


Started POST "/users" for 127.0.0.1 at 2022-10-27 14:46:35 +0700
Processing by UsersController#create as TURBO_STREAM
  Parameters: {"authenticity_token"=>"[FILTERED]", "user"=>{"login"=>"root2", "name"=>"Ble", "password_digest"=>"[FILTERED]"}, "commit"=>"Save"}
  [1m[36mTRANSACTION (0.2ms)[0m  [1m[36mbegin transaction[0m
  ↳ app/controllers/users_controller.rb:27:in `block in create'
  [1m[36mUser Create (1.2ms)[0m  [1m[32mINSERT INTO "users" ("login", "name", "password_digest", "created_at", "updated_at") VALUES (?, ?, ?, ?, ?)[0m  [["login", "root2"], ["name", "Ble"], ["password_digest", "[FILTERED]"], ["created_at", "2022-10-27 07:46:35.335585"], ["updated_at", "2022-10-27 07:46:35.335585"]]
  ↳ app/controllers/users_controller.rb:27:in `block in create'
  [1m[36mTRANSACTION (3.4ms)[0m  [1m[36mcommit transaction[0m
  ↳ app/controllers/users_controller.rb:27:in `block in create'
Redirected to http://127.0.0.1:3000/users/2
Completed 302 Found in 32ms (ActiveRecord: 4.8ms | Allocations: 3425)


Started GET "/users/2" for 127.0.0.1 at 2022-10-27 14:46:35 +0700
Processing by UsersController#show as TURBO_STREAM
  Parameters: {"id"=>"2"}
  [1m[36mUser Load (0.5ms)[0m  [1m[34mSELECT "users".* FROM "users" WHERE "users"."id" = ? LIMIT ?[0m  [["id", 2], ["LIMIT", 1]]
  ↳ app/controllers/users_controller.rb:63:in `set_user'
  Rendering layout layouts/application.html.erb
  Rendering users/show.html.haml within layouts/application
  Rendered users/show.html.haml within layouts/application (Duration: 0.9ms | Allocations: 273)
  Rendered layout layouts/application.html.erb (Duration: 6.0ms | Allocations: 2452)
Completed 200 OK in 10ms (Views: 7.3ms | ActiveRecord: 0.5ms | Allocations: 3232)


Started GET "/users" for 127.0.0.1 at 2022-10-27 14:46:37 +0700
Processing by UsersController#index as HTML
  Rendering layout layouts/application.html.erb
  Rendering users/index.html.haml within layouts/application
  [1m[36mUser Load (0.4ms)[0m  [1m[34mSELECT "users".* FROM "users"[0m
  ↳ app/views/users/index.html.haml:14
  Rendered users/index.html.haml within layouts/application (Duration: 9.9ms | Allocations: 877)
  Rendered layout layouts/application.html.erb (Duration: 25.9ms | Allocations: 3217)
Completed 200 OK in 36ms (Views: 34.2ms | ActiveRecord: 0.4ms | Allocations: 3487)


Started GET "/users/2" for 127.0.0.1 at 2022-10-27 14:46:48 +0700
Processing by UsersController#show as HTML
  Parameters: {"id"=>"2"}
  [1m[36mUser Load (0.2ms)[0m  [1m[34mSELECT "users".* FROM "users" WHERE "users"."id" = ? LIMIT ?[0m  [["id", 2], ["LIMIT", 1]]
  ↳ app/controllers/users_controller.rb:63:in `set_user'
  Rendering layout layouts/application.html.erb
  Rendering users/show.html.haml within layouts/application
  Rendered users/show.html.haml within layouts/application (Duration: 1.8ms | Allocations: 261)
  Rendered layout layouts/application.html.erb (Duration: 25.7ms | Allocations: 2437)
Completed 200 OK in 38ms (Views: 30.2ms | ActiveRecord: 0.2ms | Allocations: 3169)


Started GET "/users" for 127.0.0.1 at 2022-10-27 14:46:50 +0700
Processing by UsersController#index as HTML
  Rendering layout layouts/application.html.erb
  Rendering users/index.html.haml within layouts/application
  [1m[36mUser Load (0.2ms)[0m  [1m[34mSELECT "users".* FROM "users"[0m
  ↳ app/views/users/index.html.haml:14
  Rendered users/index.html.haml within layouts/application (Duration: 6.6ms | Allocations: 877)
  Rendered layout layouts/application.html.erb (Duration: 19.5ms | Allocations: 3226)
Completed 200 OK in 24ms (Views: 22.4ms | ActiveRecord: 0.2ms | Allocations: 3496)


Started GET "/users/2" for 127.0.0.1 at 2022-10-27 14:46:52 +0700
Processing by UsersController#show as HTML
  Parameters: {"id"=>"2"}
  [1m[36mUser Load (0.1ms)[0m  [1m[34mSELECT "users".* FROM "users" WHERE "users"."id" = ? LIMIT ?[0m  [["id", 2], ["LIMIT", 1]]
  ↳ app/controllers/users_controller.rb:63:in `set_user'
  Rendering layout layouts/application.html.erb
  Rendering users/show.html.haml within layouts/application
  Rendered users/show.html.haml within layouts/application (Duration: 0.7ms | Allocations: 243)
  Rendered layout layouts/application.html.erb (Duration: 9.0ms | Allocations: 2419)
Completed 200 OK in 19ms (Views: 14.0ms | ActiveRecord: 0.1ms | Allocations: 3151)


Started GET "/users" for 127.0.0.1 at 2022-10-27 14:46:55 +0700
Processing by UsersController#index as HTML
  Rendering layout layouts/application.html.erb
  Rendering users/index.html.haml within layouts/application
  [1m[36mUser Load (0.2ms)[0m  [1m[34mSELECT "users".* FROM "users"[0m
  ↳ app/views/users/index.html.haml:14
  Rendered users/index.html.haml within layouts/application (Duration: 7.6ms | Allocations: 877)
  Rendered layout layouts/application.html.erb (Duration: 21.1ms | Allocations: 3235)
Completed 200 OK in 24ms (Views: 22.4ms | ActiveRecord: 0.2ms | Allocations: 3505)


Started GET "/users/2" for 127.0.0.1 at 2022-10-27 14:46:56 +0700
Processing by UsersController#show as HTML
  Parameters: {"id"=>"2"}
  [1m[36mUser Load (0.1ms)[0m  [1m[34mSELECT "users".* FROM "users" WHERE "users"."id" = ? LIMIT ?[0m  [["id", 2], ["LIMIT", 1]]
  ↳ app/controllers/users_controller.rb:63:in `set_user'
  Rendering layout layouts/application.html.erb
  Rendering users/show.html.haml within layouts/application
  Rendered users/show.html.haml within layouts/application (Duration: 0.8ms | Allocations: 252)
  Rendered layout layouts/application.html.erb (Duration: 11.5ms | Allocations: 2428)
Completed 200 OK in 18ms (Views: 15.3ms | ActiveRecord: 0.1ms | Allocations: 3160)


Started GET "/users/2/edit" for 127.0.0.1 at 2022-10-27 14:46:57 +0700
Processing by UsersController#edit as HTML
  Parameters: {"id"=>"2"}
  [1m[36mUser Load (0.1ms)[0m  [1m[34mSELECT "users".* FROM "users" WHERE "users"."id" = ? LIMIT ?[0m  [["id", 2], ["LIMIT", 1]]
  ↳ app/controllers/users_controller.rb:63:in `set_user'
  Rendering layout layouts/application.html.erb
  Rendering users/edit.html.haml within layouts/application
  Rendered users/_form.html.haml (Duration: 7.2ms | Allocations: 1196)
  Rendered users/edit.html.haml within layouts/application (Duration: 26.8ms | Allocations: 4054)
  Rendered layout layouts/application.html.erb (Duration: 36.3ms | Allocations: 6240)
Completed 200 OK in 46ms (Views: 39.4ms | ActiveRecord: 0.1ms | Allocations: 7026)


Started GET "/users" for 127.0.0.1 at 2022-10-27 14:46:59 +0700
Processing by UsersController#index as HTML
  Rendering layout layouts/application.html.erb
  Rendering users/index.html.haml within layouts/application
  [1m[36mUser Load (0.1ms)[0m  [1m[34mSELECT "users".* FROM "users"[0m
  ↳ app/views/users/index.html.haml:14
  Rendered users/index.html.haml within layouts/application (Duration: 5.8ms | Allocations: 877)
  Rendered layout layouts/application.html.erb (Duration: 16.2ms | Allocations: 3229)
Completed 200 OK in 18ms (Views: 17.1ms | ActiveRecord: 0.1ms | Allocations: 3499)


Started GET "/users/2" for 127.0.0.1 at 2022-10-27 14:47:01 +0700
Processing by UsersController#show as HTML
  Parameters: {"id"=>"2"}
  [1m[36mUser Load (0.4ms)[0m  [1m[34mSELECT "users".* FROM "users" WHERE "users"."id" = ? LIMIT ?[0m  [["id", 2], ["LIMIT", 1]]
  ↳ app/controllers/users_controller.rb:63:in `set_user'
  Rendering layout layouts/application.html.erb
  Rendering users/show.html.haml within layouts/application
  Rendered users/show.html.haml within layouts/application (Duration: 1.7ms | Allocations: 246)
  Rendered layout layouts/application.html.erb (Duration: 7.2ms | Allocations: 2422)
Completed 200 OK in 13ms (Views: 8.5ms | ActiveRecord: 0.4ms | Allocations: 3154)


  [1m[36mUser Load (0.7ms)[0m  [1m[34mSELECT "users".* FROM "users" ORDER BY "users"."id" DESC LIMIT ?[0m  [["LIMIT", 1]]
  [1m[36mUser Destroy (7.2ms)[0m  [1m[31mDELETE FROM "users" WHERE "users"."id" = ?[0m  [["id", 2]]
  [1m[36mUser Load (0.4ms)[0m  [1m[34mSELECT "users".* FROM "users" ORDER BY "users"."id" DESC LIMIT ?[0m  [["LIMIT", 1]]
Started GET "/users" for 127.0.0.1 at 2022-10-27 14:47:51 +0700
Processing by UsersController#index as HTML
  Rendering layout layouts/application.html.erb
  Rendering users/index.html.haml within layouts/application
  [1m[36mUser Load (0.2ms)[0m  [1m[34mSELECT "users".* FROM "users"[0m
  ↳ app/views/users/index.html.haml:14
  Rendered users/index.html.haml within layouts/application (Duration: 9.0ms | Allocations: 727)
  Rendered layout layouts/application.html.erb (Duration: 20.2ms | Allocations: 3088)
Completed 200 OK in 30ms (Views: 28.9ms | ActiveRecord: 0.2ms | Allocations: 3356)


Started GET "/items/new" for 127.0.0.1 at 2022-10-27 14:49:57 +0700
Processing by ItemsController#new as HTML
  Rendering layout layouts/application.html.erb
  Rendering items/new.html.haml within layouts/application
  Rendered items/_form.html.haml (Duration: 134.4ms | Allocations: 9360)
  Rendered items/new.html.haml within layouts/application (Duration: 168.4ms | Allocations: 11954)
  Rendered layout layouts/application.html.erb (Duration: 183.1ms | Allocations: 14607)
Completed 200 OK in 207ms (Views: 191.5ms | ActiveRecord: 0.0ms | Allocations: 15454)


Started GET "/items" for 127.0.0.1 at 2022-10-27 14:49:58 +0700
Processing by ItemsController#index as HTML
  Rendering layout layouts/application.html.erb
  Rendering items/index.html.haml within layouts/application
  [1m[36mItem Load (0.3ms)[0m  [1m[34mSELECT "items".* FROM "items"[0m
  ↳ app/views/items/index.html.haml:15
  Rendered items/index.html.haml within layouts/application (Duration: 17.3ms | Allocations: 7531)
  Rendered layout layouts/application.html.erb (Duration: 22.1ms | Allocations: 9887)
Completed 200 OK in 25ms (Views: 23.3ms | ActiveRecord: 0.3ms | Allocations: 10258)


Started GET "/items/new" for 127.0.0.1 at 2022-10-27 14:49:59 +0700
Processing by ItemsController#new as HTML
  Rendering layout layouts/application.html.erb
  Rendering items/new.html.haml within layouts/application
  Rendered items/_form.html.haml (Duration: 10.0ms | Allocations: 1334)
  Rendered items/new.html.haml within layouts/application (Duration: 10.6ms | Allocations: 1422)
  Rendered layout layouts/application.html.erb (Duration: 19.8ms | Allocations: 3617)
Completed 200 OK in 24ms (Views: 23.3ms | ActiveRecord: 0.0ms | Allocations: 3897)


Started POST "/items" for 127.0.0.1 at 2022-10-27 14:50:05 +0700
Processing by ItemsController#create as TURBO_STREAM
  Parameters: {"authenticity_token"=>"[FILTERED]", "item"=>{"user_id"=>"1", "price"=>"100", "name"=>"pen", "stock"=>"1"}, "commit"=>"Save"}
  [1m[36mTRANSACTION (0.2ms)[0m  [1m[36mbegin transaction[0m
  ↳ app/controllers/items_controller.rb:27:in `block in create'
  [1m[36mUser Load (0.3ms)[0m  [1m[34mSELECT "users".* FROM "users" WHERE "users"."id" = ? LIMIT ?[0m  [["id", 1], ["LIMIT", 1]]
  ↳ app/controllers/items_controller.rb:27:in `block in create'
  [1m[36mItem Create (1.3ms)[0m  [1m[32mINSERT INTO "items" ("user_id", "price", "name", "stock", "created_at", "updated_at") VALUES (?, ?, ?, ?, ?, ?)[0m  [["user_id", 1], ["price", 100.0], ["name", "pen"], ["stock", 1], ["created_at", "2022-10-27 07:50:05.942723"], ["updated_at", "2022-10-27 07:50:05.942723"]]
  ↳ app/controllers/items_controller.rb:27:in `block in create'
  [1m[36mTRANSACTION (6.0ms)[0m  [1m[36mcommit transaction[0m
  ↳ app/controllers/items_controller.rb:27:in `block in create'
Redirected to http://127.0.0.1:3000/items/1
Completed 302 Found in 86ms (ActiveRecord: 7.8ms | Allocations: 10517)


Started GET "/items/1" for 127.0.0.1 at 2022-10-27 14:50:05 +0700
Processing by ItemsController#show as TURBO_STREAM
  Parameters: {"id"=>"1"}
  [1m[36mItem Load (0.3ms)[0m  [1m[34mSELECT "items".* FROM "items" WHERE "items"."id" = ? LIMIT ?[0m  [["id", 1], ["LIMIT", 1]]
  ↳ app/controllers/items_controller.rb:63:in `set_item'
  Rendering layout layouts/application.html.erb
  Rendering items/show.html.haml within layouts/application
  [1m[36mUser Load (0.2ms)[0m  [1m[34mSELECT "users".* FROM "users" WHERE "users"."id" = ? LIMIT ?[0m  [["id", 1], ["LIMIT", 1]]
  ↳ app/views/items/show.html.haml:5
  Rendered items/show.html.haml within layouts/application (Duration: 20.5ms | Allocations: 6122)
  Rendered layout layouts/application.html.erb (Duration: 34.9ms | Allocations: 8408)
Completed 200 OK in 42ms (Views: 36.0ms | ActiveRecord: 0.5ms | Allocations: 9963)


Started GET "/items" for 127.0.0.1 at 2022-10-27 14:50:08 +0700
Processing by ItemsController#index as HTML
  Rendering layout layouts/application.html.erb
  Rendering items/index.html.haml within layouts/application
  [1m[36mItem Load (0.2ms)[0m  [1m[34mSELECT "items".* FROM "items"[0m
  ↳ app/views/items/index.html.haml:15
  [1m[36mUser Load (0.2ms)[0m  [1m[34mSELECT "users".* FROM "users" WHERE "users"."id" = ? LIMIT ?[0m  [["id", 1], ["LIMIT", 1]]
  ↳ app/views/items/index.html.haml:17
  Rendered items/index.html.haml within layouts/application (Duration: 8.5ms | Allocations: 1406)
  Rendered layout layouts/application.html.erb (Duration: 16.5ms | Allocations: 3764)
Completed 200 OK in 26ms (Views: 21.4ms | ActiveRecord: 0.5ms | Allocations: 4035)


Started GET "/items" for 127.0.0.1 at 2022-10-27 14:50:11 +0700
Processing by ItemsController#index as HTML
  Rendering layout layouts/application.html.erb
  Rendering items/index.html.haml within layouts/application
  [1m[36mItem Load (0.3ms)[0m  [1m[34mSELECT "items".* FROM "items"[0m
  ↳ app/views/items/index.html.haml:15
  [1m[36mUser Load (0.5ms)[0m  [1m[34mSELECT "users".* FROM "users" WHERE "users"."id" = ? LIMIT ?[0m  [["id", 1], ["LIMIT", 1]]
  ↳ app/views/items/index.html.haml:17
  Rendered items/index.html.haml within layouts/application (Duration: 15.1ms | Allocations: 1376)
  Rendered layout layouts/application.html.erb (Duration: 32.9ms | Allocations: 3734)
Completed 200 OK in 38ms (Views: 35.8ms | ActiveRecord: 0.8ms | Allocations: 4002)


Started GET "/items/1" for 127.0.0.1 at 2022-10-27 14:50:16 +0700
Processing by ItemsController#show as HTML
  Parameters: {"id"=>"1"}
  [1m[36mItem Load (1.3ms)[0m  [1m[34mSELECT "items".* FROM "items" WHERE "items"."id" = ? LIMIT ?[0m  [["id", 1], ["LIMIT", 1]]
  ↳ app/controllers/items_controller.rb:63:in `set_item'
  Rendering layout layouts/application.html.erb
  Rendering items/show.html.haml within layouts/application
  [1m[36mUser Load (0.2ms)[0m  [1m[34mSELECT "users".* FROM "users" WHERE "users"."id" = ? LIMIT ?[0m  [["id", 1], ["LIMIT", 1]]
  ↳ app/views/items/show.html.haml:5
  Rendered items/show.html.haml within layouts/application (Duration: 15.7ms | Allocations: 919)
  Rendered layout layouts/application.html.erb (Duration: 30.3ms | Allocations: 3095)
Completed 200 OK in 43ms (Views: 35.4ms | ActiveRecord: 1.5ms | Allocations: 3825)


Started GET "/items/1/edit" for 127.0.0.1 at 2022-10-27 14:50:19 +0700
Processing by ItemsController#edit as HTML
  Parameters: {"id"=>"1"}
  [1m[36mItem Load (0.4ms)[0m  [1m[34mSELECT "items".* FROM "items" WHERE "items"."id" = ? LIMIT ?[0m  [["id", 1], ["LIMIT", 1]]
  ↳ app/controllers/items_controller.rb:63:in `set_item'
  Rendering layout layouts/application.html.erb
  Rendering items/edit.html.haml within layouts/application
  Rendered items/_form.html.haml (Duration: 12.3ms | Allocations: 1501)
  Rendered items/edit.html.haml within layouts/application (Duration: 35.2ms | Allocations: 4356)
  Rendered layout layouts/application.html.erb (Duration: 47.7ms | Allocations: 6542)
Completed 200 OK in 63ms (Views: 49.9ms | ActiveRecord: 0.4ms | Allocations: 7326)


Started GET "/items" for 127.0.0.1 at 2022-10-27 14:50:21 +0700
Processing by ItemsController#index as HTML
  Rendering layout layouts/application.html.erb
  Rendering items/index.html.haml within layouts/application
  [1m[36mItem Load (0.3ms)[0m  [1m[34mSELECT "items".* FROM "items"[0m
  ↳ app/views/items/index.html.haml:15
  [1m[36mUser Load (0.3ms)[0m  [1m[34mSELECT "users".* FROM "users" WHERE "users"."id" = ? LIMIT ?[0m  [["id", 1], ["LIMIT", 1]]
  ↳ app/views/items/index.html.haml:17
  Rendered items/index.html.haml within layouts/application (Duration: 11.8ms | Allocations: 1375)
  Rendered layout layouts/application.html.erb (Duration: 35.7ms | Allocations: 3727)
Completed 200 OK in 44ms (Views: 41.5ms | ActiveRecord: 0.6ms | Allocations: 3997)


Started GET "/items" for 127.0.0.1 at 2022-10-27 14:51:45 +0700
Processing by ItemsController#index as HTML
  Rendering layout layouts/application.html.erb
  Rendering items/index.html.haml within layouts/application
  [1m[36mItem Load (0.2ms)[0m  [1m[34mSELECT "items".* FROM "items"[0m
  ↳ app/views/items/index.html.haml:15
  [1m[36mUser Load (0.2ms)[0m  [1m[34mSELECT "users".* FROM "users" WHERE "users"."id" = ? LIMIT ?[0m  [["id", 1], ["LIMIT", 1]]
  ↳ app/views/items/index.html.haml:17
  Rendered items/index.html.haml within layouts/application (Duration: 42.8ms | Allocations: 8593)
  Rendered layout layouts/application.html.erb (Duration: 55.3ms | Allocations: 11460)
Completed 200 OK in 62ms (Views: 60.9ms | ActiveRecord: 0.4ms | Allocations: 12313)


Started GET "/items" for 127.0.0.1 at 2022-10-27 14:51:46 +0700
Processing by ItemsController#index as HTML
  Rendering layout layouts/application.html.erb
  Rendering items/index.html.haml within layouts/application
  [1m[36mItem Load (0.1ms)[0m  [1m[34mSELECT "items".* FROM "items"[0m
  ↳ app/views/items/index.html.haml:15
  [1m[36mUser Load (0.1ms)[0m  [1m[34mSELECT "users".* FROM "users" WHERE "users"."id" = ? LIMIT ?[0m  [["id", 1], ["LIMIT", 1]]
  ↳ app/views/items/index.html.haml:17
  Rendered items/index.html.haml within layouts/application (Duration: 6.0ms | Allocations: 1375)
  Rendered layout layouts/application.html.erb (Duration: 17.8ms | Allocations: 3721)
Completed 200 OK in 22ms (Views: 21.1ms | ActiveRecord: 0.2ms | Allocations: 4009)


Started GET "/items" for 127.0.0.1 at 2022-10-27 14:51:48 +0700
Processing by ItemsController#index as HTML
  Rendering layout layouts/application.html.erb
  Rendering items/index.html.haml within layouts/application
  [1m[36mItem Load (0.2ms)[0m  [1m[34mSELECT "items".* FROM "items"[0m
  ↳ app/views/items/index.html.haml:15
  [1m[36mUser Load (0.3ms)[0m  [1m[34mSELECT "users".* FROM "users" WHERE "users"."id" = ? LIMIT ?[0m  [["id", 1], ["LIMIT", 1]]
  ↳ app/views/items/index.html.haml:17
  Rendered items/index.html.haml within layouts/application (Duration: 16.9ms | Allocations: 1376)
  Rendered layout layouts/application.html.erb (Duration: 45.0ms | Allocations: 3722)
Completed 200 OK in 50ms (Views: 47.9ms | ActiveRecord: 0.5ms | Allocations: 3990)


Started GET "/items/1/edit" for 127.0.0.1 at 2022-10-27 14:51:50 +0700
Processing by ItemsController#edit as HTML
  Parameters: {"id"=>"1"}
  [1m[36mItem Load (0.1ms)[0m  [1m[34mSELECT "items".* FROM "items" WHERE "items"."id" = ? LIMIT ?[0m  [["id", 1], ["LIMIT", 1]]
  ↳ app/controllers/items_controller.rb:63:in `set_item'
  Rendering layout layouts/application.html.erb
  Rendering items/edit.html.haml within layouts/application
  Rendered items/_form.html.haml (Duration: 37.8ms | Allocations: 9303)
  Rendered items/edit.html.haml within layouts/application (Duration: 52.8ms | Allocations: 12230)
  Rendered layout layouts/application.html.erb (Duration: 68.8ms | Allocations: 14416)
Completed 200 OK in 74ms (Views: 71.9ms | ActiveRecord: 0.1ms | Allocations: 15208)


Started GET "/items" for 127.0.0.1 at 2022-10-27 14:52:48 +0700
Processing by ItemsController#index as HTML
  Rendering layout layouts/application.html.erb
  Rendering items/index.html.haml within layouts/application
  [1m[36mItem Load (0.2ms)[0m  [1m[34mSELECT "items".* FROM "items"[0m
  ↳ app/views/items/index.html.haml:15
  Rendered items/index.html.haml within layouts/application (Duration: 28.7ms | Allocations: 7882)
  Rendered layout layouts/application.html.erb (Duration: 65.0ms | Allocations: 10749)
Completed 200 OK in 75ms (Views: 74.0ms | ActiveRecord: 0.2ms | Allocations: 11604)


Started GET "/items" for 127.0.0.1 at 2022-10-27 14:52:51 +0700
Processing by ItemsController#index as HTML
  Rendering layout layouts/application.html.erb
  Rendering items/index.html.haml within layouts/application
  [1m[36mItem Load (0.2ms)[0m  [1m[34mSELECT "items".* FROM "items"[0m
  ↳ app/views/items/index.html.haml:15
  Rendered items/index.html.haml within layouts/application (Duration: 2.5ms | Allocations: 725)
  Rendered layout layouts/application.html.erb (Duration: 16.1ms | Allocations: 3084)
Completed 200 OK in 18ms (Views: 17.0ms | ActiveRecord: 0.2ms | Allocations: 3376)


Started GET "/items/new" for 127.0.0.1 at 2022-10-27 14:52:55 +0700
Processing by ItemsController#new as HTML
  Rendering layout layouts/application.html.erb
  Rendering items/new.html.haml within layouts/application
  Rendered items/_form.html.haml (Duration: 21.2ms | Allocations: 9225)
  Rendered items/new.html.haml within layouts/application (Duration: 26.3ms | Allocations: 11727)
  Rendered layout layouts/application.html.erb (Duration: 31.2ms | Allocations: 13934)
Completed 200 OK in 36ms (Views: 34.7ms | ActiveRecord: 0.0ms | Allocations: 14268)


Started POST "/items" for 127.0.0.1 at 2022-10-27 14:53:05 +0700
Processing by ItemsController#create as TURBO_STREAM
  Parameters: {"authenticity_token"=>"[FILTERED]", "item"=>{"user_id"=>"1", "price"=>"20", "name"=>"pencil", "stock"=>"1"}, "commit"=>"Save"}
  [1m[36mTRANSACTION (0.1ms)[0m  [1m[36mbegin transaction[0m
  ↳ app/controllers/items_controller.rb:27:in `block in create'
  [1m[36mUser Load (0.2ms)[0m  [1m[34mSELECT "users".* FROM "users" WHERE "users"."id" = ? LIMIT ?[0m  [["id", 1], ["LIMIT", 1]]
  ↳ app/controllers/items_controller.rb:27:in `block in create'
  [1m[36mItem Create (0.6ms)[0m  [1m[32mINSERT INTO "items" ("user_id", "price", "name", "stock", "created_at", "updated_at") VALUES (?, ?, ?, ?, ?, ?)[0m  [["user_id", 1], ["price", 20.0], ["name", "pencil"], ["stock", 1], ["created_at", "2022-10-27 07:53:05.237220"], ["updated_at", "2022-10-27 07:53:05.237220"]]
  ↳ app/controllers/items_controller.rb:27:in `block in create'
  [1m[36mTRANSACTION (4.9ms)[0m  [1m[36mcommit transaction[0m
  ↳ app/controllers/items_controller.rb:27:in `block in create'
Redirected to http://127.0.0.1:3000/items/2
Completed 302 Found in 33ms (ActiveRecord: 5.8ms | Allocations: 3373)


Started GET "/items/2" for 127.0.0.1 at 2022-10-27 14:53:05 +0700
Processing by ItemsController#show as TURBO_STREAM
  Parameters: {"id"=>"2"}
  [1m[36mItem Load (0.4ms)[0m  [1m[34mSELECT "items".* FROM "items" WHERE "items"."id" = ? LIMIT ?[0m  [["id", 2], ["LIMIT", 1]]
  ↳ app/controllers/items_controller.rb:63:in `set_item'
  Rendering layout layouts/application.html.erb
  Rendering items/show.html.haml within layouts/application
  [1m[36mUser Load (0.2ms)[0m  [1m[34mSELECT "users".* FROM "users" WHERE "users"."id" = ? LIMIT ?[0m  [["id", 1], ["LIMIT", 1]]
  ↳ app/views/items/show.html.haml:5
  Rendered items/show.html.haml within layouts/application (Duration: 18.3ms | Allocations: 5998)
  Rendered layout layouts/application.html.erb (Duration: 22.8ms | Allocations: 8177)
Completed 200 OK in 32ms (Views: 25.7ms | ActiveRecord: 0.5ms | Allocations: 9041)


Started GET "/items/2" for 127.0.0.1 at 2022-10-27 14:53:15 +0700
Processing by ItemsController#show as HTML
  Parameters: {"id"=>"2"}
  [1m[36mItem Load (0.2ms)[0m  [1m[34mSELECT "items".* FROM "items" WHERE "items"."id" = ? LIMIT ?[0m  [["id", 2], ["LIMIT", 1]]
  ↳ app/controllers/items_controller.rb:63:in `set_item'
  Rendering layout layouts/application.html.erb
  Rendering items/show.html.haml within layouts/application
  Rendered items/show.html.haml within layouts/application (Duration: 18.9ms | Allocations: 5555)
  Rendered layout layouts/application.html.erb (Duration: 32.6ms | Allocations: 8191)
Completed 200 OK in 44ms (Views: 35.2ms | ActiveRecord: 0.2ms | Allocations: 9513)


Started GET "/items" for 127.0.0.1 at 2022-10-27 14:53:17 +0700
Processing by ItemsController#index as HTML
  Rendering layout layouts/application.html.erb
  Rendering items/index.html.haml within layouts/application
  [1m[36mItem Load (0.2ms)[0m  [1m[34mSELECT "items".* FROM "items"[0m
  ↳ app/views/items/index.html.haml:15
  Rendered items/index.html.haml within layouts/application (Duration: 22.1ms | Allocations: 7851)
  Rendered layout layouts/application.html.erb (Duration: 27.2ms | Allocations: 10208)
Completed 200 OK in 34ms (Views: 29.8ms | ActiveRecord: 0.2ms | Allocations: 10578)


Started GET "/items" for 127.0.0.1 at 2022-10-27 14:54:06 +0700
Processing by ItemsController#index as HTML
  Rendering layout layouts/application.html.erb
  Rendering items/index.html.haml within layouts/application
  [1m[36mItem Load (0.3ms)[0m  [1m[34mSELECT "items".* FROM "items"[0m
  ↳ app/views/items/index.html.haml:15
  Rendered items/index.html.haml within layouts/application (Duration: 51.6ms | Allocations: 8030)
  Rendered layout layouts/application.html.erb (Duration: 78.8ms | Allocations: 10901)
Completed 200 OK in 96ms (Views: 93.3ms | ActiveRecord: 0.3ms | Allocations: 11755)


Started GET "/items" for 127.0.0.1 at 2022-10-27 14:54:12 +0700
Processing by ItemsController#index as HTML
  Rendering layout layouts/application.html.erb
  Rendering items/index.html.haml within layouts/application
  [1m[36mItem Load (0.2ms)[0m  [1m[34mSELECT "items".* FROM "items"[0m
  ↳ app/views/items/index.html.haml:15
  Rendered items/index.html.haml within layouts/application (Duration: 27.9ms | Allocations: 8031)
  Rendered layout layouts/application.html.erb (Duration: 46.0ms | Allocations: 10905)
Completed 200 OK in 57ms (Views: 55.2ms | ActiveRecord: 0.2ms | Allocations: 11782)


Started GET "/items/2" for 127.0.0.1 at 2022-10-27 14:54:25 +0700
Processing by ItemsController#show as HTML
  Parameters: {"id"=>"2"}
  [1m[36mItem Load (0.3ms)[0m  [1m[34mSELECT "items".* FROM "items" WHERE "items"."id" = ? LIMIT ?[0m  [["id", 2], ["LIMIT", 1]]
  ↳ app/controllers/items_controller.rb:63:in `set_item'
  Rendering layout layouts/application.html.erb
  Rendering items/show.html.haml within layouts/application
  Rendered items/show.html.haml within layouts/application (Duration: 64.0ms | Allocations: 5361)
  Rendered layout layouts/application.html.erb (Duration: 85.3ms | Allocations: 7538)
Completed 200 OK in 108ms (Views: 91.5ms | ActiveRecord: 0.3ms | Allocations: 8388)


Started GET "/items" for 127.0.0.1 at 2022-10-27 14:54:28 +0700
Processing by ItemsController#index as HTML
  Rendering layout layouts/application.html.erb
  Rendering items/index.html.haml within layouts/application
  [1m[36mItem Load (0.2ms)[0m  [1m[34mSELECT "items".* FROM "items"[0m
  ↳ app/views/items/index.html.haml:15
  Rendered items/index.html.haml within layouts/application (Duration: 6.8ms | Allocations: 874)
  Rendered layout layouts/application.html.erb (Duration: 30.4ms | Allocations: 3232)
Completed 200 OK in 39ms (Views: 37.4ms | ActiveRecord: 0.2ms | Allocations: 3504)


Started GET "/main/user_Items" for 127.0.0.1 at 2022-10-27 14:59:30 +0700
  
ActionController::RoutingError (No route matches [GET] "/main/user_Items"):
  
Started GET "/main/user_Item" for 127.0.0.1 at 2022-10-27 14:59:35 +0700
Processing by MainController#user_Items as HTML
Redirected to http://127.0.0.1:3000/main/login
Filter chain halted as :must_be_logged_in rendered or redirected
Completed 302 Found in 6ms (Allocations: 568)


Started GET "/main/login" for 127.0.0.1 at 2022-10-27 14:59:35 +0700
Processing by MainController#login as HTML
  Rendering layout layouts/application.html.erb
  Rendering main/login.html.haml within layouts/application
  Rendered main/login.html.haml within layouts/application (Duration: 21.4ms | Allocations: 6371)
  Rendered layout layouts/application.html.erb (Duration: 70.5ms | Allocations: 20124)
Completed 200 OK in 87ms (Views: 85.5ms | Allocations: 20837)


Started POST "/main/create" for 127.0.0.1 at 2022-10-27 14:59:38 +0700
Processing by MainController#create as HTML
  Parameters: {"authenticity_token"=>"[FILTERED]", "login"=>"root", "password"=>"[FILTERED]", "commit"=>"OK"}
  [1m[36mUser Load (0.3ms)[0m  [1m[34mSELECT "users".* FROM "users" WHERE "users"."login" = ? ORDER BY "users"."id" ASC LIMIT ?[0m  [["login", "root"], ["LIMIT", 1]]
  ↳ app/controllers/main_controller.rb:8:in `create'
Redirected to http://127.0.0.1:3000/
Completed 302 Found in 451ms (ActiveRecord: 1.4ms | Allocations: 3758)


Started GET "/" for 127.0.0.1 at 2022-10-27 14:59:38 +0700
Processing by Rails::WelcomeController#index as HTML
  Rendering /usr/share/rvm/gems/ruby-3.1.2/gems/railties-7.0.4/lib/rails/templates/rails/welcome/index.html.erb
  Rendered /usr/share/rvm/gems/ruby-3.1.2/gems/railties-7.0.4/lib/rails/templates/rails/welcome/index.html.erb (Duration: 5.4ms | Allocations: 295)
Completed 200 OK in 13ms (Views: 11.8ms | ActiveRecord: 0.0ms | Allocations: 936)


Started GET "/user_Item" for 127.0.0.1 at 2022-10-27 14:59:46 +0700
  
ActionController::RoutingError (No route matches [GET] "/user_Item"):
  
Started GET "/main/user_Item" for 127.0.0.1 at 2022-10-27 15:00:31 +0700
Processing by MainController#user_Items as HTML
  Rendering layout layouts/application.html.erb
  Rendering main/user_Items.html.haml within layouts/application
  Rendered main/user_Items.html.haml within layouts/application (Duration: 23.3ms | Allocations: 1797)
  Rendered layout layouts/application.html.erb (Duration: 77.3ms | Allocations: 15597)
Completed 200 OK in 82ms (Views: 80.1ms | Allocations: 16592)


Started GET "/main/user_Item" for 127.0.0.1 at 2022-10-27 15:15:37 +0700
Processing by MainController#user_Items as HTML
  [1m[36mUser Load (0.2ms)[0m  [1m[34mSELECT "users".* FROM "users" WHERE "users"."id" = ? ORDER BY "users"."id" ASC LIMIT ?[0m  [["id", 0], ["LIMIT", 1]]
  ↳ app/controllers/main_controller.rb:24:in `user_Items'
  Rendering layout layouts/application.html.erb
  Rendering main/user_Items.html.erb within layouts/application
  Rendered main/user_Items.html.erb within layouts/application (Duration: 4.4ms | Allocations: 2081)
  Rendered layout layouts/application.html.erb (Duration: 5.0ms | Allocations: 2169)
Completed 500 Internal Server Error in 37ms (ActiveRecord: 1.2ms | Allocations: 6711)


  
ActionView::Template::Error (undefined method `name' for nil:NilClass

            @virtual_path = "main/user_Items";;@output_buffer.safe_append='<p>User : '.freeze;@output_buffer.append=( @user.name );@output_buffer.safe_append='</p>
                                                                                                                           ^^^^^):
    1: <p>User : <%= @user.name %></p>
    2: <table>
    3:     <th>Name</th>
    4:     <th>Price</th>
  
app/views/main/user_Items.html.erb:1
Started GET "/main/login" for 127.0.0.1 at 2022-10-27 15:16:03 +0700
Processing by MainController#login as HTML
  Rendering layout layouts/application.html.erb
  Rendering main/login.html.haml within layouts/application
  Rendered main/login.html.haml within layouts/application (Duration: 35.3ms | Allocations: 6317)
  Rendered layout layouts/application.html.erb (Duration: 95.3ms | Allocations: 20293)
Completed 200 OK in 101ms (Views: 100.3ms | ActiveRecord: 0.0ms | Allocations: 20640)


Started POST "/main/create" for 127.0.0.1 at 2022-10-27 15:16:04 +0700
Processing by MainController#create as HTML
  Parameters: {"authenticity_token"=>"[FILTERED]", "login"=>"root", "password"=>"[FILTERED]", "commit"=>"OK"}
  [1m[36mUser Load (0.2ms)[0m  [1m[34mSELECT "users".* FROM "users" WHERE "users"."login" = ? ORDER BY "users"."id" ASC LIMIT ?[0m  [["login", "root"], ["LIMIT", 1]]
  ↳ app/controllers/main_controller.rb:8:in `create'
Redirected to http://127.0.0.1:3000/
Completed 302 Found in 451ms (ActiveRecord: 0.2ms | Allocations: 2475)


Started GET "/" for 127.0.0.1 at 2022-10-27 15:16:05 +0700
Processing by Rails::WelcomeController#index as HTML
  Rendering /usr/share/rvm/gems/ruby-3.1.2/gems/railties-7.0.4/lib/rails/templates/rails/welcome/index.html.erb
  Rendered /usr/share/rvm/gems/ruby-3.1.2/gems/railties-7.0.4/lib/rails/templates/rails/welcome/index.html.erb (Duration: 1.3ms | Allocations: 295)
Completed 200 OK in 4ms (Views: 3.4ms | ActiveRecord: 0.0ms | Allocations: 888)


Started GET "/user_Item" for 127.0.0.1 at 2022-10-27 15:16:10 +0700
  
ActionController::RoutingError (No route matches [GET] "/user_Item"):
  
Started GET "/main/user_Item" for 127.0.0.1 at 2022-10-27 15:16:17 +0700
Processing by MainController#user_Items as HTML
  [1m[36mUser Load (0.2ms)[0m  [1m[34mSELECT "users".* FROM "users" WHERE "users"."id" = ? ORDER BY "users"."id" ASC LIMIT ?[0m  [["id", 1], ["LIMIT", 1]]
  ↳ app/controllers/main_controller.rb:24:in `user_Items'
  Rendering layout layouts/application.html.erb
  Rendering main/user_Items.html.erb within layouts/application
  [1m[36mItem Load (0.6ms)[0m  [1m[34mSELECT "items".* FROM "items" WHERE "items"."user_id" = ?[0m  [["user_id", 1]]
  ↳ app/views/main/user_Items.html.erb:8
  Rendered main/user_Items.html.erb within layouts/application (Duration: 140.3ms | Allocations: 12979)
  Rendered layout layouts/application.html.erb (Duration: 179.6ms | Allocations: 15291)
Completed 200 OK in 197ms (Views: 185.7ms | ActiveRecord: 2.5ms | Allocations: 16511)


Started GET "/main/user_Item" for 127.0.0.1 at 2022-10-27 15:16:21 +0700
Processing by MainController#user_Items as HTML
  [1m[36mUser Load (0.1ms)[0m  [1m[34mSELECT "users".* FROM "users" WHERE "users"."id" = ? ORDER BY "users"."id" ASC LIMIT ?[0m  [["id", 1], ["LIMIT", 1]]
  ↳ app/controllers/main_controller.rb:24:in `user_Items'
  Rendering layout layouts/application.html.erb
  Rendering main/user_Items.html.erb within layouts/application
  [1m[36mItem Load (0.2ms)[0m  [1m[34mSELECT "items".* FROM "items" WHERE "items"."user_id" = ?[0m  [["user_id", 1]]
  ↳ app/views/main/user_Items.html.erb:8
  Rendered main/user_Items.html.erb within layouts/application (Duration: 7.0ms | Allocations: 1186)
  Rendered layout layouts/application.html.erb (Duration: 13.0ms | Allocations: 3381)
Completed 200 OK in 28ms (Views: 20.1ms | ActiveRecord: 0.3ms | Allocations: 4518)


Started GET "/main/user_Item" for 127.0.0.1 at 2022-10-27 15:16:33 +0700
Processing by MainController#user_Items as HTML
  [1m[36mUser Load (0.2ms)[0m  [1m[34mSELECT "users".* FROM "users" WHERE "users"."id" = ? ORDER BY "users"."id" ASC LIMIT ?[0m  [["id", 1], ["LIMIT", 1]]
  ↳ app/controllers/main_controller.rb:24:in `user_Items'
  Rendering layout layouts/application.html.erb
  Rendering main/user_Items.html.erb within layouts/application
  [1m[36mItem Load (0.2ms)[0m  [1m[34mSELECT "items".* FROM "items" WHERE "items"."user_id" = ?[0m  [["user_id", 1]]
  ↳ app/views/main/user_Items.html.erb:8
  Rendered main/user_Items.html.erb within layouts/application (Duration: 16.1ms | Allocations: 1185)
  Rendered layout layouts/application.html.erb (Duration: 88.7ms | Allocations: 3392)
Completed 200 OK in 104ms (Views: 92.3ms | ActiveRecord: 0.4ms | Allocations: 4439)


Started DELETE "/items/2" for 127.0.0.1 at 2022-10-27 15:16:36 +0700
Processing by ItemsController#destroy as TURBO_STREAM
  Parameters: {"authenticity_token"=>"[FILTERED]", "id"=>"2"}
  [1m[36mItem Load (5.5ms)[0m  [1m[34mSELECT "items".* FROM "items" WHERE "items"."id" = ? LIMIT ?[0m  [["id", 2], ["LIMIT", 1]]
  ↳ app/controllers/items_controller.rb:63:in `set_item'
  [1m[36mTRANSACTION (0.1ms)[0m  [1m[36mbegin transaction[0m
  ↳ app/controllers/items_controller.rb:52:in `destroy'
  [1m[36mItem Destroy (1.3ms)[0m  [1m[31mDELETE FROM "items" WHERE "items"."id" = ?[0m  [["id", 2]]
  ↳ app/controllers/items_controller.rb:52:in `destroy'
  [1m[36mTRANSACTION (4.7ms)[0m  [1m[36mcommit transaction[0m
  ↳ app/controllers/items_controller.rb:52:in `destroy'
Redirected to http://127.0.0.1:3000/items
Completed 302 Found in 34ms (ActiveRecord: 11.6ms | Allocations: 3514)


Started GET "/items" for 127.0.0.1 at 2022-10-27 15:16:36 +0700
Processing by ItemsController#index as TURBO_STREAM
  Rendering layout layouts/application.html.erb
  Rendering items/index.html.haml within layouts/application
  [1m[36mItem Load (0.4ms)[0m  [1m[34mSELECT "items".* FROM "items"[0m
  ↳ app/views/items/index.html.haml:15
  Rendered items/index.html.haml within layouts/application (Duration: 18.1ms | Allocations: 7954)
  Rendered layout layouts/application.html.erb (Duration: 27.6ms | Allocations: 10626)
Completed 200 OK in 33ms (Views: 30.8ms | ActiveRecord: 0.4ms | Allocations: 11416)


Started GET "/main/user_Item" for 127.0.0.1 at 2022-10-27 15:16:38 +0700
Processing by MainController#user_Items as HTML
  [1m[36mUser Load (4.5ms)[0m  [1m[34mSELECT "users".* FROM "users" WHERE "users"."id" = ? ORDER BY "users"."id" ASC LIMIT ?[0m  [["id", 1], ["LIMIT", 1]]
  ↳ app/controllers/main_controller.rb:24:in `user_Items'
  Rendering layout layouts/application.html.erb
  Rendering main/user_Items.html.erb within layouts/application
  [1m[36mItem Load (0.3ms)[0m  [1m[34mSELECT "items".* FROM "items" WHERE "items"."user_id" = ?[0m  [["user_id", 1]]
  ↳ app/views/main/user_Items.html.erb:8
  Rendered main/user_Items.html.erb within layouts/application (Duration: 13.6ms | Allocations: 959)
  Rendered layout layouts/application.html.erb (Duration: 39.6ms | Allocations: 3153)
Completed 200 OK in 59ms (Views: 44.7ms | ActiveRecord: 4.8ms | Allocations: 4297)


Started GET "/main/user_Item" for 127.0.0.1 at 2022-10-27 15:16:40 +0700
Processing by MainController#user_Items as HTML
  [1m[36mUser Load (0.1ms)[0m  [1m[34mSELECT "users".* FROM "users" WHERE "users"."id" = ? ORDER BY "users"."id" ASC LIMIT ?[0m  [["id", 1], ["LIMIT", 1]]
  ↳ app/controllers/main_controller.rb:24:in `user_Items'
  Rendering layout layouts/application.html.erb
  Rendering main/user_Items.html.erb within layouts/application
  [1m[36mItem Load (0.2ms)[0m  [1m[34mSELECT "items".* FROM "items" WHERE "items"."user_id" = ?[0m  [["user_id", 1]]
  ↳ app/views/main/user_Items.html.erb:8
  Rendered main/user_Items.html.erb within layouts/application (Duration: 7.2ms | Allocations: 923)
  Rendered layout layouts/application.html.erb (Duration: 20.7ms | Allocations: 3117)
Completed 200 OK in 28ms (Views: 23.5ms | ActiveRecord: 0.3ms | Allocations: 4169)


Started GET "/" for 127.0.0.1 at 2022-10-27 15:17:11 +0700
Processing by Rails::WelcomeController#index as HTML
  Rendering /usr/share/rvm/gems/ruby-3.1.2/gems/railties-7.0.4/lib/rails/templates/rails/welcome/index.html.erb
  Rendered /usr/share/rvm/gems/ruby-3.1.2/gems/railties-7.0.4/lib/rails/templates/rails/welcome/index.html.erb (Duration: 0.2ms | Allocations: 19)
Completed 200 OK in 4ms (Views: 3.4ms | ActiveRecord: 0.0ms | Allocations: 234)


Started GET "/" for 127.0.0.1 at 2022-10-27 15:17:11 +0700
Processing by Rails::WelcomeController#index as HTML
  Rendering /usr/share/rvm/gems/ruby-3.1.2/gems/railties-7.0.4/lib/rails/templates/rails/welcome/index.html.erb
  Rendered /usr/share/rvm/gems/ruby-3.1.2/gems/railties-7.0.4/lib/rails/templates/rails/welcome/index.html.erb (Duration: 0.4ms | Allocations: 15)
Completed 200 OK in 5ms (Views: 3.9ms | ActiveRecord: 0.0ms | Allocations: 221)


Started GET "/main/user_Item" for 127.0.0.1 at 2022-10-27 15:19:07 +0700
Processing by MainController#user_Items as HTML
  [1m[36mUser Load (0.2ms)[0m  [1m[34mSELECT "users".* FROM "users" WHERE "users"."id" = ? ORDER BY "users"."id" ASC LIMIT ?[0m  [["id", 1], ["LIMIT", 1]]
  ↳ app/controllers/main_controller.rb:24:in `user_Items'
  Rendering layout layouts/application.html.erb
  Rendering main/user_Items.html.erb within layouts/application
  [1m[36mItem Load (0.2ms)[0m  [1m[34mSELECT "items".* FROM "items" WHERE "items"."user_id" = ?[0m  [["user_id", 1]]
  ↳ app/views/main/user_Items.html.erb:8
  Rendered main/user_Items.html.erb within layouts/application (Duration: 9.5ms | Allocations: 1428)
  Rendered layout layouts/application.html.erb (Duration: 23.8ms | Allocations: 4056)
Completed 200 OK in 45ms (Views: 28.3ms | ActiveRecord: 0.4ms | Allocations: 5668)


Started GET "/items/1/edit" for 127.0.0.1 at 2022-10-27 15:19:08 +0700
Processing by ItemsController#edit as HTML
  Parameters: {"id"=>"1"}
  [1m[36mItem Load (0.2ms)[0m  [1m[34mSELECT "items".* FROM "items" WHERE "items"."id" = ? LIMIT ?[0m  [["id", 1], ["LIMIT", 1]]
  ↳ app/controllers/items_controller.rb:63:in `set_item'
  Rendering layout layouts/application.html.erb
  Rendering items/edit.html.haml within layouts/application
  Rendered items/_form.html.haml (Duration: 37.6ms | Allocations: 9466)
  Rendered items/edit.html.haml within layouts/application (Duration: 51.3ms | Allocations: 12515)
  Rendered layout layouts/application.html.erb (Duration: 65.3ms | Allocations: 14888)
Completed 200 OK in 76ms (Views: 70.5ms | ActiveRecord: 0.2ms | Allocations: 16013)


Started GET "/items" for 127.0.0.1 at 2022-10-27 15:19:10 +0700
Processing by ItemsController#index as HTML
  Rendering layout layouts/application.html.erb
  Rendering items/index.html.haml within layouts/application
  [1m[36mItem Load (0.2ms)[0m  [1m[34mSELECT "items".* FROM "items"[0m
  ↳ app/views/items/index.html.haml:15
  Rendered items/index.html.haml within layouts/application (Duration: 27.6ms | Allocations: 7687)
  Rendered layout layouts/application.html.erb (Duration: 39.9ms | Allocations: 10046)
Completed 200 OK in 45ms (Views: 44.3ms | ActiveRecord: 0.2ms | Allocations: 10416)


Started GET "/items" for 127.0.0.1 at 2022-10-27 15:19:56 +0700
Processing by ItemsController#index as HTML
  Rendering layout layouts/application.html.erb
  Rendering items/index.html.haml within layouts/application
  [1m[36mItem Load (0.2ms)[0m  [1m[34mSELECT "items".* FROM "items"[0m
  ↳ app/views/items/index.html.haml:15
  Rendered items/index.html.haml within layouts/application (Duration: 6.9ms | Allocations: 725)
  Rendered layout layouts/application.html.erb (Duration: 26.6ms | Allocations: 3080)
Completed 200 OK in 34ms (Views: 33.0ms | ActiveRecord: 0.2ms | Allocations: 3348)


Started GET "/items/new" for 127.0.0.1 at 2022-10-27 15:19:58 +0700
Processing by ItemsController#new as HTML
  Rendering layout layouts/application.html.erb
  Rendering items/new.html.haml within layouts/application
  Rendered items/_form.html.haml (Duration: 6.7ms | Allocations: 1321)
  Rendered items/new.html.haml within layouts/application (Duration: 15.7ms | Allocations: 3750)
  Rendered layout layouts/application.html.erb (Duration: 22.3ms | Allocations: 5944)
Completed 200 OK in 24ms (Views: 23.3ms | ActiveRecord: 0.0ms | Allocations: 6286)


Started POST "/items" for 127.0.0.1 at 2022-10-27 15:20:03 +0700
Processing by ItemsController#create as TURBO_STREAM
  Parameters: {"authenticity_token"=>"[FILTERED]", "item"=>{"user_id"=>"1", "price"=>"20", "name"=>"pencil", "stock"=>"1"}, "commit"=>"Save"}
  [1m[36mTRANSACTION (0.2ms)[0m  [1m[36mbegin transaction[0m
  ↳ app/controllers/items_controller.rb:27:in `block in create'
  [1m[36mUser Load (0.4ms)[0m  [1m[34mSELECT "users".* FROM "users" WHERE "users"."id" = ? LIMIT ?[0m  [["id", 1], ["LIMIT", 1]]
  ↳ app/controllers/items_controller.rb:27:in `block in create'
  [1m[36mItem Create (0.9ms)[0m  [1m[32mINSERT INTO "items" ("user_id", "price", "name", "stock", "created_at", "updated_at") VALUES (?, ?, ?, ?, ?, ?)[0m  [["user_id", 1], ["price", 20.0], ["name", "pencil"], ["stock", 1], ["created_at", "2022-10-27 08:20:03.324456"], ["updated_at", "2022-10-27 08:20:03.324456"]]
  ↳ app/controllers/items_controller.rb:27:in `block in create'
  [1m[36mTRANSACTION (5.2ms)[0m  [1m[36mcommit transaction[0m
  ↳ app/controllers/items_controller.rb:27:in `block in create'
Redirected to http://127.0.0.1:3000/items/3
Completed 302 Found in 60ms (ActiveRecord: 6.6ms | Allocations: 4400)


Started GET "/items/3" for 127.0.0.1 at 2022-10-27 15:20:03 +0700
Processing by ItemsController#show as TURBO_STREAM
  Parameters: {"id"=>"3"}
  [1m[36mItem Load (0.2ms)[0m  [1m[34mSELECT "items".* FROM "items" WHERE "items"."id" = ? LIMIT ?[0m  [["id", 3], ["LIMIT", 1]]
  ↳ app/controllers/items_controller.rb:63:in `set_item'
  Rendering layout layouts/application.html.erb
  Rendering items/show.html.haml within layouts/application
  Rendered items/show.html.haml within layouts/application (Duration: 8.7ms | Allocations: 5392)
  Rendered layout layouts/application.html.erb (Duration: 13.3ms | Allocations: 7584)
Completed 200 OK in 17ms (Views: 14.3ms | ActiveRecord: 0.2ms | Allocations: 8449)


Started GET "/items" for 127.0.0.1 at 2022-10-27 15:20:04 +0700
Processing by ItemsController#index as HTML
  Rendering layout layouts/application.html.erb
  Rendering items/index.html.haml within layouts/application
  [1m[36mItem Load (0.2ms)[0m  [1m[34mSELECT "items".* FROM "items"[0m
  ↳ app/views/items/index.html.haml:15
  Rendered items/index.html.haml within layouts/application (Duration: 3.8ms | Allocations: 874)
  Rendered layout layouts/application.html.erb (Duration: 11.2ms | Allocations: 3232)
Completed 200 OK in 13ms (Views: 12.1ms | ActiveRecord: 0.2ms | Allocations: 3502)


Started GET "/user_Item" for 127.0.0.1 at 2022-10-27 15:20:10 +0700
  
ActionController::RoutingError (No route matches [GET] "/user_Item"):
  
Started GET "/main/user_Item" for 127.0.0.1 at 2022-10-27 15:20:16 +0700
Processing by MainController#user_Items as HTML
  [1m[36mUser Load (0.2ms)[0m  [1m[34mSELECT "users".* FROM "users" WHERE "users"."id" = ? ORDER BY "users"."id" ASC LIMIT ?[0m  [["id", 1], ["LIMIT", 1]]
  ↳ app/controllers/main_controller.rb:24:in `user_Items'
  Rendering layout layouts/application.html.erb
  Rendering main/user_Items.html.erb within layouts/application
  [1m[36mItem Load (0.3ms)[0m  [1m[34mSELECT "items".* FROM "items" WHERE "items"."user_id" = ?[0m  [["user_id", 1]]
  ↳ app/views/main/user_Items.html.erb:8
  Rendered main/user_Items.html.erb within layouts/application (Duration: 23.6ms | Allocations: 1200)
  Rendered layout layouts/application.html.erb (Duration: 44.2ms | Allocations: 3407)
Completed 200 OK in 61ms (Views: 52.4ms | ActiveRecord: 0.5ms | Allocations: 4473)


Started GET "/main/user_Item" for 127.0.0.1 at 2022-10-27 15:20:56 +0700
Processing by MainController#user_Items as HTML
  [1m[36mUser Load (0.2ms)[0m  [1m[34mSELECT "users".* FROM "users" WHERE "users"."id" = ? ORDER BY "users"."id" ASC LIMIT ?[0m  [["id", 1], ["LIMIT", 1]]
  ↳ app/controllers/main_controller.rb:24:in `user_Items'
  Rendering layout layouts/application.html.erb
  Rendering main/user_Items.html.erb within layouts/application
  [1m[36mItem Load (0.2ms)[0m  [1m[34mSELECT "items".* FROM "items" WHERE "items"."user_id" = ?[0m  [["user_id", 1]]
  ↳ app/views/main/user_Items.html.erb:8
  Rendered main/user_Items.html.erb within layouts/application (Duration: 19.2ms | Allocations: 1725)
  Rendered layout layouts/application.html.erb (Duration: 32.2ms | Allocations: 4353)
Completed 200 OK in 43ms (Views: 38.8ms | ActiveRecord: 0.4ms | Allocations: 5946)


Started GET "/items/new" for 127.0.0.1 at 2022-10-27 15:20:57 +0700
Processing by ItemsController#new as HTML
  Rendering layout layouts/application.html.erb
  Rendering items/new.html.haml within layouts/application
  Rendered items/_form.html.haml (Duration: 38.3ms | Allocations: 9331)
  Rendered items/new.html.haml within layouts/application (Duration: 48.5ms | Allocations: 11946)
  Rendered layout layouts/application.html.erb (Duration: 54.2ms | Allocations: 14343)
Completed 200 OK in 64ms (Views: 59.4ms | ActiveRecord: 0.0ms | Allocations: 15009)


Started POST "/items" for 127.0.0.1 at 2022-10-27 15:21:07 +0700
Processing by ItemsController#create as TURBO_STREAM
  Parameters: {"authenticity_token"=>"[FILTERED]", "item"=>{"user_id"=>"1", "price"=>"20", "name"=>"eraser", "stock"=>"2"}, "commit"=>"Save"}
  [1m[36mTRANSACTION (0.2ms)[0m  [1m[36mbegin transaction[0m
  ↳ app/controllers/items_controller.rb:27:in `block in create'
  [1m[36mUser Load (0.2ms)[0m  [1m[34mSELECT "users".* FROM "users" WHERE "users"."id" = ? LIMIT ?[0m  [["id", 1], ["LIMIT", 1]]
  ↳ app/controllers/items_controller.rb:27:in `block in create'
  [1m[36mItem Create (1.2ms)[0m  [1m[32mINSERT INTO "items" ("user_id", "price", "name", "stock", "created_at", "updated_at") VALUES (?, ?, ?, ?, ?, ?)[0m  [["user_id", 1], ["price", 20.0], ["name", "eraser"], ["stock", 2], ["created_at", "2022-10-27 08:21:07.821167"], ["updated_at", "2022-10-27 08:21:07.821167"]]
  ↳ app/controllers/items_controller.rb:27:in `block in create'
  [1m[36mTRANSACTION (5.5ms)[0m  [1m[36mcommit transaction[0m
  ↳ app/controllers/items_controller.rb:27:in `block in create'
Redirected to http://127.0.0.1:3000/items/4
Completed 302 Found in 38ms (ActiveRecord: 7.1ms | Allocations: 3481)


Started GET "/items/4" for 127.0.0.1 at 2022-10-27 15:21:07 +0700
Processing by ItemsController#show as TURBO_STREAM
  Parameters: {"id"=>"4"}
  [1m[36mItem Load (0.4ms)[0m  [1m[34mSELECT "items".* FROM "items" WHERE "items"."id" = ? LIMIT ?[0m  [["id", 4], ["LIMIT", 1]]
  ↳ app/controllers/items_controller.rb:63:in `set_item'
  Rendering layout layouts/application.html.erb
  Rendering items/show.html.haml within layouts/application
  Rendered items/show.html.haml within layouts/application (Duration: 12.3ms | Allocations: 5394)
  Rendered layout layouts/application.html.erb (Duration: 19.3ms | Allocations: 7586)
Completed 200 OK in 25ms (Views: 20.7ms | ActiveRecord: 0.4ms | Allocations: 8465)


Started GET "/items" for 127.0.0.1 at 2022-10-27 15:21:09 +0700
Processing by ItemsController#index as HTML
  Rendering layout layouts/application.html.erb
  Rendering items/index.html.haml within layouts/application
  [1m[36mItem Load (0.2ms)[0m  [1m[34mSELECT "items".* FROM "items"[0m
  ↳ app/views/items/index.html.haml:15
  Rendered items/index.html.haml within layouts/application (Duration: 16.2ms | Allocations: 7951)
  Rendered layout layouts/application.html.erb (Duration: 22.5ms | Allocations: 10300)
Completed 200 OK in 25ms (Views: 23.7ms | ActiveRecord: 0.2ms | Allocations: 10648)


